2024-10-24 10:05:55 [info]  : Connected successfully to MongoDB database: main-data
2024-10-24 10:05:55 [info]  : No data found for the specified date range.
2024-10-24 10:06:06 [info]  : No data found for the specified date range.
2024-10-24 10:08:53 [info]  : Connected successfully to MongoDB database: main-data
2024-10-24 10:08:53 [info]  : No data found for the specified date range.
2024-10-24 10:09:20 [info]  : No data found for the specified date range.
2024-10-24 10:09:47 [info]  : No data found for the specified date range.
2024-10-24 10:09:57 [info]  : No data found for the specified date range.
2024-10-24 10:10:35 [info]  : Generated Excel report for date range: 2024-10-21T18:30:00.000Z to 2024-10-22T18:30:00.000Z
2024-10-24 10:17:01 [info]  : Connected successfully to MongoDB database: main-data
2024-10-24 10:17:01 [info]  : Fetched JSON report for date range: 2024-10-21T18:30:00.000Z to 2024-10-22T18:30:00.000Z
2024-10-24 10:23:06 [info]  : Connected successfully to MongoDB database: main-data
2024-10-24 10:23:06 [info]  : Fetched JSON report for date range: 2024-10-21T18:30:00.000Z to 2024-10-22T18:30:00.000Z
2024-10-24 10:26:08 [info]  : Connected successfully to MongoDB database: main-data
2024-10-24 10:26:08 [info]  : Fetched JSON report for date range: 2024-10-21T18:30:00.000Z to 2024-10-22T18:30:00.000Z
2024-10-24 10:27:41 [info]  : Fetched JSON report for date range: 2024-10-21T18:30:00.000Z to 2024-10-22T18:30:00.000Z
2024-10-24 12:42:48 [info]  : Connected successfully to MongoDB database: main-data
2024-10-24 12:42:48 [error]  : Error saving part number:
2024-10-24 12:45:03 [info]  : Connected successfully to MongoDB database: main-data
2024-10-24 12:45:03 [error]  : Error saving part number:
2024-10-24 12:45:43 [info]  : Connected successfully to MongoDB database: main-data
2024-10-24 12:45:43 [error]  : Error saving part number:
2024-10-24 12:48:43 [info]  : Connected successfully to MongoDB database: main-data
2024-10-24 12:48:43 [info]  : Inserted new part number with ID: 6719f4d3cb2bfb83dbc48918
2024-10-24 12:48:43 [info]  : Part number asdsad saved successfully.
2024-10-24 12:58:04 [info]  : Connected successfully to MongoDB database: main-data
2024-10-24 12:58:04 [info]  : Inserted new part number with ID: 6719f704cb2bfb83dbc48919
2024-10-24 12:58:04 [info]  : Part number 873976008 saved successfully.
2024-10-24 14:10:34 [info]  : Connected successfully to MongoDB database: main-data
2024-10-24 14:10:45 [info]  : Connected successfully to MongoDB database: main-data
2024-10-24 14:10:45 [info]  : Inserted new part number with ID: 671a080dcb2bfb83dbc4891a
2024-10-24 14:10:45 [info]  : Part number 873976007 saved successfully.
2024-10-24 14:16:59 [info]  : Inserted new part number with ID: 671a0983cb2bfb83dbc4891b
2024-10-24 14:16:59 [info]  : Part number 873976007 saved successfully.
2024-10-21 14:45:49 [info]  : Connected successfully to MongoDB database: main-data
2024-10-21 14:47:25 [info]  : Inserted new part number with ID: 67161c251b417dfb18be978d
2024-10-21 14:47:25 [info]  : Part number 873976008 saved successfully.
2024-10-24 16:57:50 [info]  : Connected successfully to MongoDB database: main-data
2024-10-24 18:22:53 [info]  : Connected successfully to MongoDB database: main-data
2024-10-24 18:22:55 [info]  : Inserted new part number with ID: 671a4327af41660764610757
2024-10-24 18:22:55 [info]  : Part number 873976007 saved successfully.
2024-10-24 19:20:41 [info]  : Connected successfully to MongoDB database: main-data
2024-10-24 19:20:43 [info]  : Inserted new part number with ID: 671a50b3af4166076461075c
2024-10-24 19:20:43 [info]  : Part number 873976007 saved successfully.
2024-10-24 19:20:46 [info]  : Inserted new part number with ID: 671a50b6af4166076461075d
2024-10-24 19:20:46 [info]  : Part number 8739760008 saved successfully.
2024-10-24 19:20:51 [info]  : Inserted new part number with ID: 671a50bbaf4166076461075e
2024-10-24 19:20:51 [info]  : Part number 8739760007 saved successfully.
2024-10-25 14:28:27 [info]  : Connected successfully to MongoDB database: main-data
2024-10-25 14:28:43 [info]  : Inserted new part number with ID: 671b5dc37132346df2c58503
2024-10-25 14:28:43 [info]  : Part number 8739760008 saved successfully.
2024-10-25 14:31:11 [info]  : Connected successfully to MongoDB database: main-data
2024-10-25 14:31:14 [info]  : Inserted new part number with ID: 671b5e5a27c3dd12fa14be5e
2024-10-25 14:31:14 [info]  : Part number 8739760007 saved successfully.
2024-10-26 23:28:00 [info]  : Connected successfully to MongoDB database: main-data
2024-10-28 08:59:39 [info]  : Connected successfully to MongoDB database: main-data
2024-11-01 18:11:55 [info]  : Connected successfully to MongoDB database: main-data
2024-11-01 21:34:47 [info]  : Connected successfully to MongoDB database: main-data
2024-11-01 21:45:05 [info]  : Connected successfully to MongoDB database: main-data
2024-11-01 21:51:43 [info]  : Connected successfully to MongoDB database: main-data
2024-11-01 21:54:44 [info]  : Connected successfully to MongoDB database: main-data
2024-11-01 22:22:59 [info]  : Connected successfully to MongoDB database: main-data
2024-11-01 22:30:22 [info]  : Connected successfully to MongoDB database: main-data
2024-11-01 22:30:22 [info]  : Connected successfully to MongoDB database: main-data
2024-11-01 22:37:17 [info]  : Connected successfully to MongoDB database: main-data
2024-11-01 22:37:17 [info]  : No data found for the specified date range.
2024-11-01 22:37:29 [info]  : Connected successfully to MongoDB database: main-data
2024-11-01 22:37:29 [info]  : Connected successfully to MongoDB database: main-data
2024-11-01 22:38:01 [info]  : Connected successfully to MongoDB database: main-data
2024-11-01 22:38:57 [info]  : Connected successfully to MongoDB database: main-data
2024-11-03 01:03:41 [info]  : Connected successfully to MongoDB database: main-data
2024-11-03 15:07:04 [info]  : Connected successfully to MongoDB database: main-data
2024-11-03 15:07:04 [info]  : Connected successfully to MongoDB database: main-data
2024-11-03 17:37:23 [info]  : Connected successfully to MongoDB database: main-data
2024-11-03 17:39:10 [info]  : Connected successfully to MongoDB database: main-data
